[0.008s] Invoking command in '/home/devansh/ros2_ws/build/my_robot_description': CMAKE_PREFIX_PATH=${CMAKE_PREFIX_PATH}:/opt/ros/jazzy CONDA_PROMPT_MODIFIER=(base) DEBUGINFOD_URLS=https://debuginfod.ubuntu.com /usr/bin/cmake /home/devansh/ros2_ws/src/moveit2_crash_course_starting_code/my_robot_description -DCMAKE_INSTALL_PREFIX=/home/devansh/ros2_ws/install/my_robot_description
[0.019s] -- Found ament_cmake: 2.5.4 (/opt/ros/jazzy/share/ament_cmake/cmake)
[0.214s] -- Override CMake install command with custom implementation using symlinks instead of copying resources
[0.291s] -- Configuring done (0.3s)
[0.293s] -- Generating done (0.0s)
[0.294s] -- Build files have been written to: /home/devansh/ros2_ws/build/my_robot_description
[0.297s] Invoked command in '/home/devansh/ros2_ws/build/my_robot_description' returned '0': CMAKE_PREFIX_PATH=${CMAKE_PREFIX_PATH}:/opt/ros/jazzy CONDA_PROMPT_MODIFIER=(base) DEBUGINFOD_URLS=https://debuginfod.ubuntu.com /usr/bin/cmake /home/devansh/ros2_ws/src/moveit2_crash_course_starting_code/my_robot_description -DCMAKE_INSTALL_PREFIX=/home/devansh/ros2_ws/install/my_robot_description
[0.298s] Invoking command in '/home/devansh/ros2_ws/build/my_robot_description': CMAKE_PREFIX_PATH=${CMAKE_PREFIX_PATH}:/opt/ros/jazzy CONDA_PROMPT_MODIFIER=(base) DEBUGINFOD_URLS=https://debuginfod.ubuntu.com /usr/bin/cmake --build /home/devansh/ros2_ws/build/my_robot_description -- -j32 -l32
[0.328s] Invoked command in '/home/devansh/ros2_ws/build/my_robot_description' returned '0': CMAKE_PREFIX_PATH=${CMAKE_PREFIX_PATH}:/opt/ros/jazzy CONDA_PROMPT_MODIFIER=(base) DEBUGINFOD_URLS=https://debuginfod.ubuntu.com /usr/bin/cmake --build /home/devansh/ros2_ws/build/my_robot_description -- -j32 -l32
[0.345s] Invoking command in '/home/devansh/ros2_ws/build/my_robot_description': CMAKE_PREFIX_PATH=${CMAKE_PREFIX_PATH}:/opt/ros/jazzy CONDA_PROMPT_MODIFIER=(base) DEBUGINFOD_URLS=https://debuginfod.ubuntu.com /usr/bin/cmake --install /home/devansh/ros2_ws/build/my_robot_description
[0.346s] -- Install configuration: ""
[0.346s] -- Execute custom install script
[0.346s] -- Up-to-date symlink: /home/devansh/ros2_ws/install/my_robot_description/share/my_robot_description/urdf/arm.xacro
[0.346s] -- Up-to-date symlink: /home/devansh/ros2_ws/install/my_robot_description/share/my_robot_description/urdf/common_properties.xacro
[0.346s] -- Up-to-date symlink: /home/devansh/ros2_ws/install/my_robot_description/share/my_robot_description/urdf/gazebo.xacro
[0.346s] -- Up-to-date symlink: /home/devansh/ros2_ws/install/my_robot_description/share/my_robot_description/urdf/gripper.xacro
[0.346s] -- Up-to-date symlink: /home/devansh/ros2_ws/install/my_robot_description/share/my_robot_description/urdf/my_robot.urdf.xacro
[0.346s] -- Up-to-date symlink: /home/devansh/ros2_ws/install/my_robot_description/share/my_robot_description/launch/display.launch.xml
[0.346s] -- Up-to-date symlink: /home/devansh/ros2_ws/install/my_robot_description/share/my_robot_description/rviz/urdf_config.rviz
[0.346s] -- Up-to-date symlink: /home/devansh/ros2_ws/install/my_robot_description/share/ament_index/resource_index/package_run_dependencies/my_robot_description
[0.346s] -- Up-to-date symlink: /home/devansh/ros2_ws/install/my_robot_description/share/ament_index/resource_index/parent_prefix_path/my_robot_description
[0.346s] -- Up-to-date symlink: /home/devansh/ros2_ws/install/my_robot_description/share/my_robot_description/environment/ament_prefix_path.sh
[0.346s] -- Up-to-date symlink: /home/devansh/ros2_ws/install/my_robot_description/share/my_robot_description/environment/ament_prefix_path.dsv
[0.346s] -- Up-to-date symlink: /home/devansh/ros2_ws/install/my_robot_description/share/my_robot_description/environment/path.sh
[0.346s] -- Up-to-date symlink: /home/devansh/ros2_ws/install/my_robot_description/share/my_robot_description/environment/path.dsv
[0.346s] -- Up-to-date symlink: /home/devansh/ros2_ws/install/my_robot_description/share/my_robot_description/local_setup.bash
[0.346s] -- Up-to-date symlink: /home/devansh/ros2_ws/install/my_robot_description/share/my_robot_description/local_setup.sh
[0.347s] -- Up-to-date symlink: /home/devansh/ros2_ws/install/my_robot_description/share/my_robot_description/local_setup.zsh
[0.347s] -- Up-to-date symlink: /home/devansh/ros2_ws/install/my_robot_description/share/my_robot_description/local_setup.dsv
[0.347s] -- Symlinking: /home/devansh/ros2_ws/install/my_robot_description/share/my_robot_description/package.dsv
[0.354s] -- Up-to-date symlink: /home/devansh/ros2_ws/install/my_robot_description/share/ament_index/resource_index/packages/my_robot_description
[0.355s] -- Up-to-date symlink: /home/devansh/ros2_ws/install/my_robot_description/share/my_robot_description/cmake/my_robot_descriptionConfig.cmake
[0.355s] -- Up-to-date symlink: /home/devansh/ros2_ws/install/my_robot_description/share/my_robot_description/cmake/my_robot_descriptionConfig-version.cmake
[0.355s] -- Up-to-date symlink: /home/devansh/ros2_ws/install/my_robot_description/share/my_robot_description/package.xml
[0.357s] Invoked command in '/home/devansh/ros2_ws/build/my_robot_description' returned '0': CMAKE_PREFIX_PATH=${CMAKE_PREFIX_PATH}:/opt/ros/jazzy CONDA_PROMPT_MODIFIER=(base) DEBUGINFOD_URLS=https://debuginfod.ubuntu.com /usr/bin/cmake --install /home/devansh/ros2_ws/build/my_robot_description
